Release 14.7 Map P.20131013 (lin64)
Xilinx Mapping Report File for Design 'struct_desc'

Design Information
------------------
Command Line   : map -intstyle ise -p xc3s50a-tq144-5 -cm area -ir off -pr off
-c 100 -o struct_desc_map.ncd struct_desc.ngd struct_desc.pcf 
Target Device  : xc3s50a
Target Package : tq144
Target Speed   : -5
Mapper Version : spartan3a -- $Revision: 1.55 $
Mapped Date    : Sun Sep 21 18:49:01 2014

Design Summary
--------------
Number of errors:      0
Number of warnings:    0
Logic Utilization:
  Number of 4 input LUTs:                 8 out of   1,408    1%
Logic Distribution:
  Number of occupied Slices:              4 out of     704    1%
    Number of Slices containing only related logic:       4 out of       4 100%
    Number of Slices containing unrelated logic:          0 out of       4   0%
      *See NOTES below for an explanation of the effects of unrelated logic.
  Total Number of 4 input LUTs:           8 out of   1,408    1%
  Number of bonded IOBs:                 15 out of     108   13%

Average Fanout of Non-Clock Nets:                2.40

Peak Memory Usage:  639 MB
Total REAL time to MAP completion:  1 secs 
Total CPU time to MAP completion:   1 secs 

NOTES:

   Related logic is defined as being logic that shares connectivity - e.g. two
   LUTs are "related" if they share common inputs.  When assembling slices,
   Map gives priority to combine logic that is related.  Doing so results in
   the best timing performance.

   Unrelated logic shares no connectivity.  Map will only begin packing
   unrelated logic into a slice once 99% of the slices are occupied through
   related logic packing.

   Note that once logic distribution reaches the 99% level through related
   logic packing, this does not mean the device is completely utilized.
   Unrelated logic packing will then begin, continuing until all usable LUTs
   and FFs are occupied.  Depending on your timing budget, increased levels of
   unrelated logic packing may adversely affect the overall timing performance
   of your design.

Table of Contents
-----------------
Section 1 - Errors
Section 2 - Warnings
Section 3 - Informational
Section 4 - Removed Logic Summary
Section 5 - Removed Logic
Section 6 - IOB Properties
Section 7 - RPMs
Section 8 - Guide Report
Section 9 - Area Group and Partition Summary
Section 10 - Timing Report
Section 11 - Configuration String Information
Section 12 - Control Set Information
Section 13 - Utilization by Hierarchy

Section 1 - Errors
------------------

Section 2 - Warnings
--------------------

Section 3 - Informational
-------------------------
INFO:LIT:243 - Logical network DPSwitch<7> has no load.
INFO:LIT:395 - The above info message is repeated 5 more times for the following
   (max. 5 shown):
   DPSwitch<6>,
   DPSwitch<5>,
   DPSwitch<4>,
   DPSwitch<3>,
   DPSwitch<2>
   To see the details of these info messages, please use the -detail switch.
INFO:MapLib:562 - No environment variables are currently set.

Section 4 - Removed Logic Summary
---------------------------------

Section 5 - Removed Logic
-------------------------

Section 6 - IOB Properties
--------------------------

+-------------------------------------------------------------------------------------------------------------------------------------------------------------------------------+
| IOB Name                           | Type             | Direction | IO Standard          | Diff  | Drive    | Slew    | Reg (s)      | Resistor | IBUF/IFD | SUSPEND          |
|                                    |                  |           |                      | Term  | Strength | Rate    |              |          | Delay    |                  |
+-------------------------------------------------------------------------------------------------------------------------------------------------------------------------------+
| DPSwitch<0>                        | IBUF             | INPUT     | LVTTL                |       |          |         |              | PULLUP   | 0 / 0    |                  |
| DPSwitch<1>                        | IBUF             | INPUT     | LVTTL                |       |          |         |              | PULLUP   | 0 / 0    |                  |
| LED<0>                             | IOB              | OUTPUT    | LVTTL                |       | 8        | FAST    |              |          | 0 / 0    | 3STATE           |
| LED<1>                             | IOB              | OUTPUT    | LVTTL                |       | 8        | FAST    |              |          | 0 / 0    | 3STATE           |
| LED<2>                             | IOB              | OUTPUT    | LVTTL                |       | 8        | FAST    |              |          | 0 / 0    | 3STATE           |
| LED<3>                             | IOB              | OUTPUT    | LVTTL                |       | 8        | FAST    |              |          | 0 / 0    | 3STATE           |
| LED<4>                             | IOB              | OUTPUT    | LVTTL                |       | 8        | FAST    |              |          | 0 / 0    | 3STATE           |
| LED<5>                             | IOB              | OUTPUT    | LVTTL                |       | 8        | FAST    |              |          | 0 / 0    | 3STATE           |
| LED<6>                             | IOB              | OUTPUT    | LVTTL                |       | 8        | FAST    |              |          | 0 / 0    | 3STATE           |
| LED<7>                             | IOB              | OUTPUT    | LVTTL                |       | 8        | FAST    |              |          | 0 / 0    | 3STATE           |
| Switch<0>                          | IBUF             | INPUT     | LVTTL                |       |          |         |              | PULLUP   | 0 / 0    |                  |
| Switch<1>                          | IBUF             | INPUT     | LVTTL                |       |          |         |              | PULLUP   | 0 / 0    |                  |
| Switch<2>                          | IBUF             | INPUT     | LVTTL                |       |          |         |              | PULLUP   | 0 / 0    |                  |
| Switch<3>                          | IBUF             | INPUT     | LVTTL                |       |          |         |              | PULLUP   | 0 / 0    |                  |
| Switch<4>                          | IBUF             | INPUT     | LVTTL                |       |          |         |              | PULLUP   | 0 / 0    |                  |
+-------------------------------------------------------------------------------------------------------------------------------------------------------------------------------+

Section 7 - RPMs
----------------

Section 8 - Guide Report
------------------------
Guide not run on this design.

Section 9 - Area Group and Partition Summary
--------------------------------------------

Partition Implementation Status
-------------------------------

  No Partitions were found in this design.

-------------------------------

Area Group Information
----------------------

  No area groups were found in this design.

----------------------

Section 10 - Timing Report
--------------------------
This design was not run using timing mode.

Section 11 - Configuration String Details
-----------------------------------------
Use the "-detail" map option to print out Configuration Strings

Section 12 - Control Set Information
------------------------------------
No control set information for this architecture.

Section 13 - Utilization by Hierarchy
-------------------------------------
Use the "-detail" map option to print out the Utilization by Hierarchy section.
